
> remesas-backend@1.0.0 start
> node src/server.js

✅ [Email Service] Resend configurado y listo
======================================
🚀 Backend AVF Remesas corriendo
--------------------------------------
🌐 Entorno: STAGE/DEV
📡 API Vita Base URL: https://api.stage.vitawallet.io/api/businesses
👤 Vita Login: e0f5ee3c94998b3841cd96e4e173c00121cd2cfb
🔑 Vita Wallet UUID: 97f3c111-e1b6-46a0-a3e1-c56f94ffbca1
🗄️ Mongo URI: mongodb+srv://app_user:vlow7LV14FLd0aNE@avf-vita.oh8gqvz.mongodb.net/?retryWrites=true&w=majority&appName=avf-vita
🛠️ Puerto: 5000
======================================

[mongo] Error de conexión: MongooseServerSelectionError: Could not connect to any servers in your MongoDB Atlas cluster. One common reason is that you're trying to access the database from an IP that isn't whitelisted. Make sure your current IP address is on your Atlas cluster's IP whitelist: https://www.mongodb.com/docs/atlas/security-whitelist/
    at _handleConnectionErrors (/home/avf/Desarrollo/remesas-avf1.0/node_modules/mongoose/lib/connection.js:816:11)
    at NativeConnection.openUri (/home/avf/Desarrollo/remesas-avf1.0/node_modules/mongoose/lib/connection.js:791:11)
    at async connectMongo (file:///home/avf/Desarrollo/remesas-avf1.0/src/config/mongo.js:14:5) {
  reason: TopologyDescription {
    type: 'ReplicaSetNoPrimary',
    servers: Map(3) {
      'ac-t09g8ls-shard-00-02.oh8gqvz.mongodb.net:27017' => [ServerDescription],
      'ac-t09g8ls-shard-00-00.oh8gqvz.mongodb.net:27017' => [ServerDescription],
      'ac-t09g8ls-shard-00-01.oh8gqvz.mongodb.net:27017' => [ServerDescription]
    },
    stale: false,
    compatible: true,
    heartbeatFrequencyMS: 10000,
    localThresholdMS: 15,
    setName: 'atlas-y9gfe6-shard-0',
    maxElectionId: null,
    maxSetVersion: null,
    commonWireVersion: 0,
    logicalSessionTimeoutMinutes: null
  },
  code: undefined
}
